<?xml version="1.0" encoding="UTF-8"?>
<testsuite xmlns:xsi="http://www.w3.org/2001/XMLSchema-instance" xsi:noNamespaceSchemaLocation="https://maven.apache.org/surefire/maven-surefire-plugin/xsd/surefire-test-report.xsd" name="com.thesis.dhoppealvarez.restapp.RestappApplicationTests" time="6.836" tests="1" errors="0" skipped="0" failures="0">
  <properties>
    <property name="gopherProxySet" value="false"/>
    <property name="awt.toolkit" value="sun.lwawt.macosx.LWCToolkit"/>
    <property name="java.specification.version" value="11"/>
    <property name="sun.cpu.isalist" value=""/>
    <property name="sun.jnu.encoding" value="UTF-8"/>
    <property name="java.class.path" value="/Users/maccontosh/Documents/thesis/development/restapp/target/test-classes:/Users/maccontosh/Documents/thesis/development/restapp/target/classes:/Users/maccontosh/.m2/repository/org/springframework/boot/spring-boot-starter-data-rest/2.1.0.RELEASE/spring-boot-starter-data-rest-2.1.0.RELEASE.jar:/Users/maccontosh/.m2/repository/org/springframework/boot/spring-boot-starter-json/2.1.0.RELEASE/spring-boot-starter-json-2.1.0.RELEASE.jar:/Users/maccontosh/.m2/repository/org/springframework/spring-web/5.1.2.RELEASE/spring-web-5.1.2.RELEASE.jar:/Users/maccontosh/.m2/repository/org/springframework/spring-beans/5.1.2.RELEASE/spring-beans-5.1.2.RELEASE.jar:/Users/maccontosh/.m2/repository/com/fasterxml/jackson/core/jackson-databind/2.9.7/jackson-databind-2.9.7.jar:/Users/maccontosh/.m2/repository/com/fasterxml/jackson/datatype/jackson-datatype-jdk8/2.9.7/jackson-datatype-jdk8-2.9.7.jar:/Users/maccontosh/.m2/repository/com/fasterxml/jackson/datatype/jackson-datatype-jsr310/2.9.7/jackson-datatype-jsr310-2.9.7.jar:/Users/maccontosh/.m2/repository/com/fasterxml/jackson/module/jackson-module-parameter-names/2.9.7/jackson-module-parameter-names-2.9.7.jar:/Users/maccontosh/.m2/repository/org/springframework/boot/spring-boot-starter-web/2.1.0.RELEASE/spring-boot-starter-web-2.1.0.RELEASE.jar:/Users/maccontosh/.m2/repository/org/springframework/boot/spring-boot-starter-tomcat/2.1.0.RELEASE/spring-boot-starter-tomcat-2.1.0.RELEASE.jar:/Users/maccontosh/.m2/repository/org/apache/tomcat/embed/tomcat-embed-core/9.0.12/tomcat-embed-core-9.0.12.jar:/Users/maccontosh/.m2/repository/org/apache/tomcat/embed/tomcat-embed-el/9.0.12/tomcat-embed-el-9.0.12.jar:/Users/maccontosh/.m2/repository/org/apache/tomcat/embed/tomcat-embed-websocket/9.0.12/tomcat-embed-websocket-9.0.12.jar:/Users/maccontosh/.m2/repository/org/hibernate/validator/hibernate-validator/6.0.13.Final/hibernate-validator-6.0.13.Final.jar:/Users/maccontosh/.m2/repository/javax/validation/validation-api/2.0.1.Final/validation-api-2.0.1.Final.jar:/Users/maccontosh/.m2/repository/org/jboss/logging/jboss-logging/3.3.2.Final/jboss-logging-3.3.2.Final.jar:/Users/maccontosh/.m2/repository/com/fasterxml/classmate/1.4.0/classmate-1.4.0.jar:/Users/maccontosh/.m2/repository/org/springframework/spring-webmvc/5.1.2.RELEASE/spring-webmvc-5.1.2.RELEASE.jar:/Users/maccontosh/.m2/repository/org/springframework/spring-aop/5.1.2.RELEASE/spring-aop-5.1.2.RELEASE.jar:/Users/maccontosh/.m2/repository/org/springframework/spring-context/5.1.2.RELEASE/spring-context-5.1.2.RELEASE.jar:/Users/maccontosh/.m2/repository/org/springframework/spring-expression/5.1.2.RELEASE/spring-expression-5.1.2.RELEASE.jar:/Users/maccontosh/.m2/repository/org/springframework/data/spring-data-rest-webmvc/3.1.2.RELEASE/spring-data-rest-webmvc-3.1.2.RELEASE.jar:/Users/maccontosh/.m2/repository/org/springframework/data/spring-data-rest-core/3.1.2.RELEASE/spring-data-rest-core-3.1.2.RELEASE.jar:/Users/maccontosh/.m2/repository/org/springframework/spring-tx/5.1.2.RELEASE/spring-tx-5.1.2.RELEASE.jar:/Users/maccontosh/.m2/repository/org/springframework/hateoas/spring-hateoas/0.25.0.RELEASE/spring-hateoas-0.25.0.RELEASE.jar:/Users/maccontosh/.m2/repository/org/springframework/data/spring-data-commons/2.1.2.RELEASE/spring-data-commons-2.1.2.RELEASE.jar:/Users/maccontosh/.m2/repository/org/springframework/plugin/spring-plugin-core/1.2.0.RELEASE/spring-plugin-core-1.2.0.RELEASE.jar:/Users/maccontosh/.m2/repository/org/atteo/evo-inflector/1.2.2/evo-inflector-1.2.2.jar:/Users/maccontosh/.m2/repository/com/fasterxml/jackson/core/jackson-annotations/2.9.0/jackson-annotations-2.9.0.jar:/Users/maccontosh/.m2/repository/org/slf4j/slf4j-api/1.7.25/slf4j-api-1.7.25.jar:/Users/maccontosh/.m2/repository/de/unidue/langtech/web1tcreator/de.unidue.langtech.web1tcreator/0.0.1-SNAPSHOT/de.unidue.langtech.web1tcreator-0.0.1-SNAPSHOT.jar:/Users/maccontosh/.m2/repository/de/tudarmstadt/ukp/dkpro/core/de.tudarmstadt.ukp.dkpro.core.arktools-gpl/1.9.0/de.tudarmstadt.ukp.dkpro.core.arktools-gpl-1.9.0.jar:/Users/maccontosh/.m2/repository/org/apache/uima/uimafit-core/2.4.0/uimafit-core-2.4.0.jar:/Users/maccontosh/.m2/repository/commons-lang/commons-lang/2.6/commons-lang-2.6.jar:/Users/maccontosh/.m2/repository/edu/cmu/cs/ark-tweet-nlp/0.3.2/ark-tweet-nlp-0.3.2.jar:/Users/maccontosh/.m2/repository/commons-codec/commons-codec/1.11/commons-codec-1.11.jar:/Users/maccontosh/.m2/repository/org/apache/commons/commons-math/2.1/commons-math-2.1.jar:/Users/maccontosh/.m2/repository/com/twitter/twitter-text/1.6.1/twitter-text-1.6.1.jar:/Users/maccontosh/.m2/repository/org/apache/lucene/lucene-core/3.0.3/lucene-core-3.0.3.jar:/Users/maccontosh/.m2/repository/com/google/guava/guava/10.0.1/guava-10.0.1.jar:/Users/maccontosh/.m2/repository/com/google/code/findbugs/jsr305/1.3.9/jsr305-1.3.9.jar:/Users/maccontosh/.m2/repository/org/hamcrest/hamcrest-all/1.1/hamcrest-all-1.1.jar:/Users/maccontosh/.m2/repository/edu/stanford/nlp/stanford-corenlp/1.2.0/stanford-corenlp-1.2.0.jar:/Users/maccontosh/.m2/repository/xom/xom/1.2.5/xom-1.2.5.jar:/Users/maccontosh/.m2/repository/xml-apis/xml-apis/1.4.01/xml-apis-1.4.01.jar:/Users/maccontosh/.m2/repository/xerces/xercesImpl/2.8.0/xercesImpl-2.8.0.jar:/Users/maccontosh/.m2/repository/xalan/xalan/2.7.0/xalan-2.7.0.jar:/Users/maccontosh/.m2/repository/joda-time/joda-time/2.10.1/joda-time-2.10.1.jar:/Users/maccontosh/.m2/repository/edu/berkeley/nlp/berkeleyparser/r32/berkeleyparser-r32.jar:/Users/maccontosh/.m2/repository/net/sf/trove4j/trove4j/3.0.3/trove4j-3.0.3.jar:/Users/maccontosh/.m2/repository/de/tudarmstadt/ukp/dkpro/core/de.tudarmstadt.ukp.dkpro.core.api.segmentation-asl/1.9.0/de.tudarmstadt.ukp.dkpro.core.api.segmentation-asl-1.9.0.jar:/Users/maccontosh/.m2/repository/de/tudarmstadt/ukp/dkpro/core/de.tudarmstadt.ukp.dkpro.core.api.resources-asl/1.9.0/de.tudarmstadt.ukp.dkpro.core.api.resources-asl-1.9.0.jar:/Users/maccontosh/.m2/repository/org/apache/commons/commons-compress/1.15/commons-compress-1.15.jar:/Users/maccontosh/.m2/repository/org/apache/maven/maven-model/3.0.5/maven-model-3.0.5.jar:/Users/maccontosh/.m2/repository/org/apache/ivy/ivy/2.4.0/ivy-2.4.0.jar:/Users/maccontosh/.m2/repository/de/tudarmstadt/ukp/dkpro/core/de.tudarmstadt.ukp.dkpro.core.api.metadata-asl/1.9.0/de.tudarmstadt.ukp.dkpro.core.api.metadata-asl-1.9.0.jar:/Users/maccontosh/.m2/repository/org/apache/uima/uimaj-document-annotation/2.10.2/uimaj-document-annotation-2.10.2.jar:/Users/maccontosh/.m2/repository/org/codehaus/plexus/plexus-utils/2.0.6/plexus-utils-2.0.6.jar:/Users/maccontosh/.m2/repository/org/tukaani/xz/1.6/xz-1.6.jar:/Users/maccontosh/.m2/repository/de/tudarmstadt/ukp/dkpro/core/de.tudarmstadt.ukp.dkpro.core.api.parameter-asl/1.9.0/de.tudarmstadt.ukp.dkpro.core.api.parameter-asl-1.9.0.jar:/Users/maccontosh/.m2/repository/de/tudarmstadt/ukp/dkpro/core/de.tudarmstadt.ukp.dkpro.core.tokit-asl/1.9.0/de.tudarmstadt.ukp.dkpro.core.tokit-asl-1.9.0.jar:/Users/maccontosh/.m2/repository/org/apache/commons/commons-lang3/3.8.1/commons-lang3-3.8.1.jar:/Users/maccontosh/.m2/repository/commons-jxpath/commons-jxpath/1.3/commons-jxpath-1.3.jar:/Users/maccontosh/.m2/repository/de/tudarmstadt/ukp/dkpro/core/de.tudarmstadt.ukp.dkpro.core.api.lexmorph-asl/1.9.0/de.tudarmstadt.ukp.dkpro.core.api.lexmorph-asl-1.9.0.jar:/Users/maccontosh/.m2/repository/de/tudarmstadt/ukp/dkpro/core/de.tudarmstadt.ukp.dkpro.core.api.featurepath-asl/1.9.0/de.tudarmstadt.ukp.dkpro.core.api.featurepath-asl-1.9.0.jar:/Users/maccontosh/.m2/repository/de/tudarmstadt/ukp/dkpro/core/de.tudarmstadt.ukp.dkpro.core.frequency-asl/1.9.0/de.tudarmstadt.ukp.dkpro.core.frequency-asl-1.9.0.jar:/Users/maccontosh/.m2/repository/commons-io/commons-io/2.6/commons-io-2.6.jar:/Users/maccontosh/.m2/repository/com/googlecode/jweb1t/com.googlecode.jweb1t/1.4.0/com.googlecode.jweb1t-1.4.0.jar:/Users/maccontosh/.m2/repository/pcj/pcj/1.2/pcj-1.2.jar:/Users/maccontosh/.m2/repository/edu/berkeley/nlp/berkeleylm/1.1.2/berkeleylm-1.1.2.jar:/Users/maccontosh/.m2/repository/de/tudarmstadt/ukp/dkpro/core/de.tudarmstadt.ukp.dkpro.core.api.frequency-asl/1.9.0/de.tudarmstadt.ukp.dkpro.core.api.frequency-asl-1.9.0.jar:/Users/maccontosh/.m2/repository/it/unimi/dsi/fastutil/7.0.9/fastutil-7.0.9.jar:/Users/maccontosh/.m2/repository/de/tudarmstadt/ukp/dkpro/core/de.tudarmstadt.ukp.dkpro.core.api.io-asl/1.9.0/de.tudarmstadt.ukp.dkpro.core.api.io-asl-1.9.0.jar:/Users/maccontosh/.m2/repository/org/apache/ant/ant/1.10.1/ant-1.10.1.jar:/Users/maccontosh/.m2/repository/org/apache/ant/ant-launcher/1.10.1/ant-launcher-1.10.1.jar:/Users/maccontosh/.m2/repository/org/apache/commons/commons-collections4/4.1/commons-collections4-4.1.jar:/Users/maccontosh/.m2/repository/de/tudarmstadt/ukp/dkpro/core/de.tudarmstadt.ukp.dkpro.core.io.web1t-asl/1.9.0/de.tudarmstadt.ukp.dkpro.core.io.web1t-asl-1.9.0.jar:/Users/maccontosh/.m2/repository/commons-logging/commons-logging-api/1.1/commons-logging-api-1.1.jar:/Users/maccontosh/.m2/repository/de/tudarmstadt/ukp/dkpro/core/de.tudarmstadt.ukp.dkpro.core.ngrams-asl/1.9.0/de.tudarmstadt.ukp.dkpro.core.ngrams-asl-1.9.0.jar:/Users/maccontosh/.m2/repository/org/springframework/boot/spring-boot-starter-test/2.1.0.RELEASE/spring-boot-starter-test-2.1.0.RELEASE.jar:/Users/maccontosh/.m2/repository/org/springframework/boot/spring-boot-starter/2.1.0.RELEASE/spring-boot-starter-2.1.0.RELEASE.jar:/Users/maccontosh/.m2/repository/org/springframework/boot/spring-boot/2.1.0.RELEASE/spring-boot-2.1.0.RELEASE.jar:/Users/maccontosh/.m2/repository/org/springframework/boot/spring-boot-autoconfigure/2.1.0.RELEASE/spring-boot-autoconfigure-2.1.0.RELEASE.jar:/Users/maccontosh/.m2/repository/org/springframework/boot/spring-boot-starter-logging/2.1.0.RELEASE/spring-boot-starter-logging-2.1.0.RELEASE.jar:/Users/maccontosh/.m2/repository/ch/qos/logback/logback-classic/1.2.3/logback-classic-1.2.3.jar:/Users/maccontosh/.m2/repository/ch/qos/logback/logback-core/1.2.3/logback-core-1.2.3.jar:/Users/maccontosh/.m2/repository/org/apache/logging/log4j/log4j-to-slf4j/2.11.1/log4j-to-slf4j-2.11.1.jar:/Users/maccontosh/.m2/repository/org/apache/logging/log4j/log4j-api/2.11.1/log4j-api-2.11.1.jar:/Users/maccontosh/.m2/repository/org/slf4j/jul-to-slf4j/1.7.25/jul-to-slf4j-1.7.25.jar:/Users/maccontosh/.m2/repository/javax/annotation/javax.annotation-api/1.3.2/javax.annotation-api-1.3.2.jar:/Users/maccontosh/.m2/repository/org/yaml/snakeyaml/1.23/snakeyaml-1.23.jar:/Users/maccontosh/.m2/repository/org/springframework/boot/spring-boot-test/2.1.0.RELEASE/spring-boot-test-2.1.0.RELEASE.jar:/Users/maccontosh/.m2/repository/org/springframework/boot/spring-boot-test-autoconfigure/2.1.0.RELEASE/spring-boot-test-autoconfigure-2.1.0.RELEASE.jar:/Users/maccontosh/.m2/repository/com/jayway/jsonpath/json-path/2.4.0/json-path-2.4.0.jar:/Users/maccontosh/.m2/repository/net/minidev/json-smart/2.3/json-smart-2.3.jar:/Users/maccontosh/.m2/repository/net/minidev/accessors-smart/1.2/accessors-smart-1.2.jar:/Users/maccontosh/.m2/repository/org/ow2/asm/asm/5.0.4/asm-5.0.4.jar:/Users/maccontosh/.m2/repository/junit/junit/4.12/junit-4.12.jar:/Users/maccontosh/.m2/repository/org/assertj/assertj-core/3.11.1/assertj-core-3.11.1.jar:/Users/maccontosh/.m2/repository/org/mockito/mockito-core/2.23.0/mockito-core-2.23.0.jar:/Users/maccontosh/.m2/repository/net/bytebuddy/byte-buddy/1.9.3/byte-buddy-1.9.3.jar:/Users/maccontosh/.m2/repository/net/bytebuddy/byte-buddy-agent/1.9.3/byte-buddy-agent-1.9.3.jar:/Users/maccontosh/.m2/repository/org/objenesis/objenesis/2.6/objenesis-2.6.jar:/Users/maccontosh/.m2/repository/org/hamcrest/hamcrest-core/1.3/hamcrest-core-1.3.jar:/Users/maccontosh/.m2/repository/org/hamcrest/hamcrest-library/1.3/hamcrest-library-1.3.jar:/Users/maccontosh/.m2/repository/org/skyscreamer/jsonassert/1.5.0/jsonassert-1.5.0.jar:/Users/maccontosh/.m2/repository/com/vaadin/external/google/android-json/0.0.20131108.vaadin1/android-json-0.0.20131108.vaadin1.jar:/Users/maccontosh/.m2/repository/org/springframework/spring-core/5.1.2.RELEASE/spring-core-5.1.2.RELEASE.jar:/Users/maccontosh/.m2/repository/org/springframework/spring-jcl/5.1.2.RELEASE/spring-jcl-5.1.2.RELEASE.jar:/Users/maccontosh/.m2/repository/org/springframework/spring-test/5.1.2.RELEASE/spring-test-5.1.2.RELEASE.jar:/Users/maccontosh/.m2/repository/org/xmlunit/xmlunit-core/2.6.2/xmlunit-core-2.6.2.jar:/Users/maccontosh/.m2/repository/javax/xml/bind/jaxb-api/2.3.1/jaxb-api-2.3.1.jar:/Users/maccontosh/.m2/repository/javax/activation/javax.activation-api/1.2.0/javax.activation-api-1.2.0.jar:/Users/maccontosh/.m2/repository/org/glassfish/jaxb/jaxb-runtime/2.3.1/jaxb-runtime-2.3.1.jar:/Users/maccontosh/.m2/repository/org/glassfish/jaxb/txw2/2.3.1/txw2-2.3.1.jar:/Users/maccontosh/.m2/repository/com/sun/istack/istack-commons-runtime/3.0.7/istack-commons-runtime-3.0.7.jar:/Users/maccontosh/.m2/repository/org/jvnet/staxex/stax-ex/1.8/stax-ex-1.8.jar:/Users/maccontosh/.m2/repository/com/sun/xml/fastinfoset/FastInfoset/1.2.15/FastInfoset-1.2.15.jar:/Users/maccontosh/.m2/repository/org/apache/uima/uimaj-core/2.10.2/uimaj-core-2.10.2.jar:/Users/maccontosh/.m2/repository/org/apache/uima/uimaj-json/2.10.2/uimaj-json-2.10.2.jar:/Users/maccontosh/.m2/repository/com/fasterxml/jackson/core/jackson-core/2.9.7/jackson-core-2.9.7.jar:"/>
    <property name="java.vm.vendor" value="Oracle Corporation"/>
    <property name="sun.arch.data.model" value="64"/>
    <property name="java.vendor.url" value="http://java.oracle.com/"/>
    <property name="user.timezone" value=""/>
    <property name="java.vm.specification.version" value="11"/>
    <property name="os.name" value="Mac OS X"/>
    <property name="sun.java.launcher" value="SUN_STANDARD"/>
    <property name="user.country" value="DE"/>
    <property name="sun.boot.library.path" value="/Library/Java/JavaVirtualMachines/jdk-11.0.1.jdk/Contents/Home/lib"/>
    <property name="sun.java.command" value="/Users/maccontosh/Documents/thesis/development/restapp/target/surefire/surefirebooter13785582402180854821.jar /Users/maccontosh/Documents/thesis/development/restapp/target/surefire 2019-01-16T15-34-38_859-jvmRun1 surefire12546575818400420360tmp surefire_07123732428342690196tmp"/>
    <property name="http.nonProxyHosts" value="local|*.local|169.254/16|*.169.254/16"/>
    <property name="jdk.debug" value="release"/>
    <property name="surefire.test.class.path" value="/Users/maccontosh/Documents/thesis/development/restapp/target/test-classes:/Users/maccontosh/Documents/thesis/development/restapp/target/classes:/Users/maccontosh/.m2/repository/org/springframework/boot/spring-boot-starter-data-rest/2.1.0.RELEASE/spring-boot-starter-data-rest-2.1.0.RELEASE.jar:/Users/maccontosh/.m2/repository/org/springframework/boot/spring-boot-starter-json/2.1.0.RELEASE/spring-boot-starter-json-2.1.0.RELEASE.jar:/Users/maccontosh/.m2/repository/org/springframework/spring-web/5.1.2.RELEASE/spring-web-5.1.2.RELEASE.jar:/Users/maccontosh/.m2/repository/org/springframework/spring-beans/5.1.2.RELEASE/spring-beans-5.1.2.RELEASE.jar:/Users/maccontosh/.m2/repository/com/fasterxml/jackson/core/jackson-databind/2.9.7/jackson-databind-2.9.7.jar:/Users/maccontosh/.m2/repository/com/fasterxml/jackson/datatype/jackson-datatype-jdk8/2.9.7/jackson-datatype-jdk8-2.9.7.jar:/Users/maccontosh/.m2/repository/com/fasterxml/jackson/datatype/jackson-datatype-jsr310/2.9.7/jackson-datatype-jsr310-2.9.7.jar:/Users/maccontosh/.m2/repository/com/fasterxml/jackson/module/jackson-module-parameter-names/2.9.7/jackson-module-parameter-names-2.9.7.jar:/Users/maccontosh/.m2/repository/org/springframework/boot/spring-boot-starter-web/2.1.0.RELEASE/spring-boot-starter-web-2.1.0.RELEASE.jar:/Users/maccontosh/.m2/repository/org/springframework/boot/spring-boot-starter-tomcat/2.1.0.RELEASE/spring-boot-starter-tomcat-2.1.0.RELEASE.jar:/Users/maccontosh/.m2/repository/org/apache/tomcat/embed/tomcat-embed-core/9.0.12/tomcat-embed-core-9.0.12.jar:/Users/maccontosh/.m2/repository/org/apache/tomcat/embed/tomcat-embed-el/9.0.12/tomcat-embed-el-9.0.12.jar:/Users/maccontosh/.m2/repository/org/apache/tomcat/embed/tomcat-embed-websocket/9.0.12/tomcat-embed-websocket-9.0.12.jar:/Users/maccontosh/.m2/repository/org/hibernate/validator/hibernate-validator/6.0.13.Final/hibernate-validator-6.0.13.Final.jar:/Users/maccontosh/.m2/repository/javax/validation/validation-api/2.0.1.Final/validation-api-2.0.1.Final.jar:/Users/maccontosh/.m2/repository/org/jboss/logging/jboss-logging/3.3.2.Final/jboss-logging-3.3.2.Final.jar:/Users/maccontosh/.m2/repository/com/fasterxml/classmate/1.4.0/classmate-1.4.0.jar:/Users/maccontosh/.m2/repository/org/springframework/spring-webmvc/5.1.2.RELEASE/spring-webmvc-5.1.2.RELEASE.jar:/Users/maccontosh/.m2/repository/org/springframework/spring-aop/5.1.2.RELEASE/spring-aop-5.1.2.RELEASE.jar:/Users/maccontosh/.m2/repository/org/springframework/spring-context/5.1.2.RELEASE/spring-context-5.1.2.RELEASE.jar:/Users/maccontosh/.m2/repository/org/springframework/spring-expression/5.1.2.RELEASE/spring-expression-5.1.2.RELEASE.jar:/Users/maccontosh/.m2/repository/org/springframework/data/spring-data-rest-webmvc/3.1.2.RELEASE/spring-data-rest-webmvc-3.1.2.RELEASE.jar:/Users/maccontosh/.m2/repository/org/springframework/data/spring-data-rest-core/3.1.2.RELEASE/spring-data-rest-core-3.1.2.RELEASE.jar:/Users/maccontosh/.m2/repository/org/springframework/spring-tx/5.1.2.RELEASE/spring-tx-5.1.2.RELEASE.jar:/Users/maccontosh/.m2/repository/org/springframework/hateoas/spring-hateoas/0.25.0.RELEASE/spring-hateoas-0.25.0.RELEASE.jar:/Users/maccontosh/.m2/repository/org/springframework/data/spring-data-commons/2.1.2.RELEASE/spring-data-commons-2.1.2.RELEASE.jar:/Users/maccontosh/.m2/repository/org/springframework/plugin/spring-plugin-core/1.2.0.RELEASE/spring-plugin-core-1.2.0.RELEASE.jar:/Users/maccontosh/.m2/repository/org/atteo/evo-inflector/1.2.2/evo-inflector-1.2.2.jar:/Users/maccontosh/.m2/repository/com/fasterxml/jackson/core/jackson-annotations/2.9.0/jackson-annotations-2.9.0.jar:/Users/maccontosh/.m2/repository/org/slf4j/slf4j-api/1.7.25/slf4j-api-1.7.25.jar:/Users/maccontosh/.m2/repository/de/unidue/langtech/web1tcreator/de.unidue.langtech.web1tcreator/0.0.1-SNAPSHOT/de.unidue.langtech.web1tcreator-0.0.1-SNAPSHOT.jar:/Users/maccontosh/.m2/repository/de/tudarmstadt/ukp/dkpro/core/de.tudarmstadt.ukp.dkpro.core.arktools-gpl/1.9.0/de.tudarmstadt.ukp.dkpro.core.arktools-gpl-1.9.0.jar:/Users/maccontosh/.m2/repository/org/apache/uima/uimafit-core/2.4.0/uimafit-core-2.4.0.jar:/Users/maccontosh/.m2/repository/commons-lang/commons-lang/2.6/commons-lang-2.6.jar:/Users/maccontosh/.m2/repository/edu/cmu/cs/ark-tweet-nlp/0.3.2/ark-tweet-nlp-0.3.2.jar:/Users/maccontosh/.m2/repository/commons-codec/commons-codec/1.11/commons-codec-1.11.jar:/Users/maccontosh/.m2/repository/org/apache/commons/commons-math/2.1/commons-math-2.1.jar:/Users/maccontosh/.m2/repository/com/twitter/twitter-text/1.6.1/twitter-text-1.6.1.jar:/Users/maccontosh/.m2/repository/org/apache/lucene/lucene-core/3.0.3/lucene-core-3.0.3.jar:/Users/maccontosh/.m2/repository/com/google/guava/guava/10.0.1/guava-10.0.1.jar:/Users/maccontosh/.m2/repository/com/google/code/findbugs/jsr305/1.3.9/jsr305-1.3.9.jar:/Users/maccontosh/.m2/repository/org/hamcrest/hamcrest-all/1.1/hamcrest-all-1.1.jar:/Users/maccontosh/.m2/repository/edu/stanford/nlp/stanford-corenlp/1.2.0/stanford-corenlp-1.2.0.jar:/Users/maccontosh/.m2/repository/xom/xom/1.2.5/xom-1.2.5.jar:/Users/maccontosh/.m2/repository/xml-apis/xml-apis/1.4.01/xml-apis-1.4.01.jar:/Users/maccontosh/.m2/repository/xerces/xercesImpl/2.8.0/xercesImpl-2.8.0.jar:/Users/maccontosh/.m2/repository/xalan/xalan/2.7.0/xalan-2.7.0.jar:/Users/maccontosh/.m2/repository/joda-time/joda-time/2.10.1/joda-time-2.10.1.jar:/Users/maccontosh/.m2/repository/edu/berkeley/nlp/berkeleyparser/r32/berkeleyparser-r32.jar:/Users/maccontosh/.m2/repository/net/sf/trove4j/trove4j/3.0.3/trove4j-3.0.3.jar:/Users/maccontosh/.m2/repository/de/tudarmstadt/ukp/dkpro/core/de.tudarmstadt.ukp.dkpro.core.api.segmentation-asl/1.9.0/de.tudarmstadt.ukp.dkpro.core.api.segmentation-asl-1.9.0.jar:/Users/maccontosh/.m2/repository/de/tudarmstadt/ukp/dkpro/core/de.tudarmstadt.ukp.dkpro.core.api.resources-asl/1.9.0/de.tudarmstadt.ukp.dkpro.core.api.resources-asl-1.9.0.jar:/Users/maccontosh/.m2/repository/org/apache/commons/commons-compress/1.15/commons-compress-1.15.jar:/Users/maccontosh/.m2/repository/org/apache/maven/maven-model/3.0.5/maven-model-3.0.5.jar:/Users/maccontosh/.m2/repository/org/apache/ivy/ivy/2.4.0/ivy-2.4.0.jar:/Users/maccontosh/.m2/repository/de/tudarmstadt/ukp/dkpro/core/de.tudarmstadt.ukp.dkpro.core.api.metadata-asl/1.9.0/de.tudarmstadt.ukp.dkpro.core.api.metadata-asl-1.9.0.jar:/Users/maccontosh/.m2/repository/org/apache/uima/uimaj-document-annotation/2.10.2/uimaj-document-annotation-2.10.2.jar:/Users/maccontosh/.m2/repository/org/codehaus/plexus/plexus-utils/2.0.6/plexus-utils-2.0.6.jar:/Users/maccontosh/.m2/repository/org/tukaani/xz/1.6/xz-1.6.jar:/Users/maccontosh/.m2/repository/de/tudarmstadt/ukp/dkpro/core/de.tudarmstadt.ukp.dkpro.core.api.parameter-asl/1.9.0/de.tudarmstadt.ukp.dkpro.core.api.parameter-asl-1.9.0.jar:/Users/maccontosh/.m2/repository/de/tudarmstadt/ukp/dkpro/core/de.tudarmstadt.ukp.dkpro.core.tokit-asl/1.9.0/de.tudarmstadt.ukp.dkpro.core.tokit-asl-1.9.0.jar:/Users/maccontosh/.m2/repository/org/apache/commons/commons-lang3/3.8.1/commons-lang3-3.8.1.jar:/Users/maccontosh/.m2/repository/commons-jxpath/commons-jxpath/1.3/commons-jxpath-1.3.jar:/Users/maccontosh/.m2/repository/de/tudarmstadt/ukp/dkpro/core/de.tudarmstadt.ukp.dkpro.core.api.lexmorph-asl/1.9.0/de.tudarmstadt.ukp.dkpro.core.api.lexmorph-asl-1.9.0.jar:/Users/maccontosh/.m2/repository/de/tudarmstadt/ukp/dkpro/core/de.tudarmstadt.ukp.dkpro.core.api.featurepath-asl/1.9.0/de.tudarmstadt.ukp.dkpro.core.api.featurepath-asl-1.9.0.jar:/Users/maccontosh/.m2/repository/de/tudarmstadt/ukp/dkpro/core/de.tudarmstadt.ukp.dkpro.core.frequency-asl/1.9.0/de.tudarmstadt.ukp.dkpro.core.frequency-asl-1.9.0.jar:/Users/maccontosh/.m2/repository/commons-io/commons-io/2.6/commons-io-2.6.jar:/Users/maccontosh/.m2/repository/com/googlecode/jweb1t/com.googlecode.jweb1t/1.4.0/com.googlecode.jweb1t-1.4.0.jar:/Users/maccontosh/.m2/repository/pcj/pcj/1.2/pcj-1.2.jar:/Users/maccontosh/.m2/repository/edu/berkeley/nlp/berkeleylm/1.1.2/berkeleylm-1.1.2.jar:/Users/maccontosh/.m2/repository/de/tudarmstadt/ukp/dkpro/core/de.tudarmstadt.ukp.dkpro.core.api.frequency-asl/1.9.0/de.tudarmstadt.ukp.dkpro.core.api.frequency-asl-1.9.0.jar:/Users/maccontosh/.m2/repository/it/unimi/dsi/fastutil/7.0.9/fastutil-7.0.9.jar:/Users/maccontosh/.m2/repository/de/tudarmstadt/ukp/dkpro/core/de.tudarmstadt.ukp.dkpro.core.api.io-asl/1.9.0/de.tudarmstadt.ukp.dkpro.core.api.io-asl-1.9.0.jar:/Users/maccontosh/.m2/repository/org/apache/ant/ant/1.10.1/ant-1.10.1.jar:/Users/maccontosh/.m2/repository/org/apache/ant/ant-launcher/1.10.1/ant-launcher-1.10.1.jar:/Users/maccontosh/.m2/repository/org/apache/commons/commons-collections4/4.1/commons-collections4-4.1.jar:/Users/maccontosh/.m2/repository/de/tudarmstadt/ukp/dkpro/core/de.tudarmstadt.ukp.dkpro.core.io.web1t-asl/1.9.0/de.tudarmstadt.ukp.dkpro.core.io.web1t-asl-1.9.0.jar:/Users/maccontosh/.m2/repository/commons-logging/commons-logging-api/1.1/commons-logging-api-1.1.jar:/Users/maccontosh/.m2/repository/de/tudarmstadt/ukp/dkpro/core/de.tudarmstadt.ukp.dkpro.core.ngrams-asl/1.9.0/de.tudarmstadt.ukp.dkpro.core.ngrams-asl-1.9.0.jar:/Users/maccontosh/.m2/repository/org/springframework/boot/spring-boot-starter-test/2.1.0.RELEASE/spring-boot-starter-test-2.1.0.RELEASE.jar:/Users/maccontosh/.m2/repository/org/springframework/boot/spring-boot-starter/2.1.0.RELEASE/spring-boot-starter-2.1.0.RELEASE.jar:/Users/maccontosh/.m2/repository/org/springframework/boot/spring-boot/2.1.0.RELEASE/spring-boot-2.1.0.RELEASE.jar:/Users/maccontosh/.m2/repository/org/springframework/boot/spring-boot-autoconfigure/2.1.0.RELEASE/spring-boot-autoconfigure-2.1.0.RELEASE.jar:/Users/maccontosh/.m2/repository/org/springframework/boot/spring-boot-starter-logging/2.1.0.RELEASE/spring-boot-starter-logging-2.1.0.RELEASE.jar:/Users/maccontosh/.m2/repository/ch/qos/logback/logback-classic/1.2.3/logback-classic-1.2.3.jar:/Users/maccontosh/.m2/repository/ch/qos/logback/logback-core/1.2.3/logback-core-1.2.3.jar:/Users/maccontosh/.m2/repository/org/apache/logging/log4j/log4j-to-slf4j/2.11.1/log4j-to-slf4j-2.11.1.jar:/Users/maccontosh/.m2/repository/org/apache/logging/log4j/log4j-api/2.11.1/log4j-api-2.11.1.jar:/Users/maccontosh/.m2/repository/org/slf4j/jul-to-slf4j/1.7.25/jul-to-slf4j-1.7.25.jar:/Users/maccontosh/.m2/repository/javax/annotation/javax.annotation-api/1.3.2/javax.annotation-api-1.3.2.jar:/Users/maccontosh/.m2/repository/org/yaml/snakeyaml/1.23/snakeyaml-1.23.jar:/Users/maccontosh/.m2/repository/org/springframework/boot/spring-boot-test/2.1.0.RELEASE/spring-boot-test-2.1.0.RELEASE.jar:/Users/maccontosh/.m2/repository/org/springframework/boot/spring-boot-test-autoconfigure/2.1.0.RELEASE/spring-boot-test-autoconfigure-2.1.0.RELEASE.jar:/Users/maccontosh/.m2/repository/com/jayway/jsonpath/json-path/2.4.0/json-path-2.4.0.jar:/Users/maccontosh/.m2/repository/net/minidev/json-smart/2.3/json-smart-2.3.jar:/Users/maccontosh/.m2/repository/net/minidev/accessors-smart/1.2/accessors-smart-1.2.jar:/Users/maccontosh/.m2/repository/org/ow2/asm/asm/5.0.4/asm-5.0.4.jar:/Users/maccontosh/.m2/repository/junit/junit/4.12/junit-4.12.jar:/Users/maccontosh/.m2/repository/org/assertj/assertj-core/3.11.1/assertj-core-3.11.1.jar:/Users/maccontosh/.m2/repository/org/mockito/mockito-core/2.23.0/mockito-core-2.23.0.jar:/Users/maccontosh/.m2/repository/net/bytebuddy/byte-buddy/1.9.3/byte-buddy-1.9.3.jar:/Users/maccontosh/.m2/repository/net/bytebuddy/byte-buddy-agent/1.9.3/byte-buddy-agent-1.9.3.jar:/Users/maccontosh/.m2/repository/org/objenesis/objenesis/2.6/objenesis-2.6.jar:/Users/maccontosh/.m2/repository/org/hamcrest/hamcrest-core/1.3/hamcrest-core-1.3.jar:/Users/maccontosh/.m2/repository/org/hamcrest/hamcrest-library/1.3/hamcrest-library-1.3.jar:/Users/maccontosh/.m2/repository/org/skyscreamer/jsonassert/1.5.0/jsonassert-1.5.0.jar:/Users/maccontosh/.m2/repository/com/vaadin/external/google/android-json/0.0.20131108.vaadin1/android-json-0.0.20131108.vaadin1.jar:/Users/maccontosh/.m2/repository/org/springframework/spring-core/5.1.2.RELEASE/spring-core-5.1.2.RELEASE.jar:/Users/maccontosh/.m2/repository/org/springframework/spring-jcl/5.1.2.RELEASE/spring-jcl-5.1.2.RELEASE.jar:/Users/maccontosh/.m2/repository/org/springframework/spring-test/5.1.2.RELEASE/spring-test-5.1.2.RELEASE.jar:/Users/maccontosh/.m2/repository/org/xmlunit/xmlunit-core/2.6.2/xmlunit-core-2.6.2.jar:/Users/maccontosh/.m2/repository/javax/xml/bind/jaxb-api/2.3.1/jaxb-api-2.3.1.jar:/Users/maccontosh/.m2/repository/javax/activation/javax.activation-api/1.2.0/javax.activation-api-1.2.0.jar:/Users/maccontosh/.m2/repository/org/glassfish/jaxb/jaxb-runtime/2.3.1/jaxb-runtime-2.3.1.jar:/Users/maccontosh/.m2/repository/org/glassfish/jaxb/txw2/2.3.1/txw2-2.3.1.jar:/Users/maccontosh/.m2/repository/com/sun/istack/istack-commons-runtime/3.0.7/istack-commons-runtime-3.0.7.jar:/Users/maccontosh/.m2/repository/org/jvnet/staxex/stax-ex/1.8/stax-ex-1.8.jar:/Users/maccontosh/.m2/repository/com/sun/xml/fastinfoset/FastInfoset/1.2.15/FastInfoset-1.2.15.jar:/Users/maccontosh/.m2/repository/org/apache/uima/uimaj-core/2.10.2/uimaj-core-2.10.2.jar:/Users/maccontosh/.m2/repository/org/apache/uima/uimaj-json/2.10.2/uimaj-json-2.10.2.jar:/Users/maccontosh/.m2/repository/com/fasterxml/jackson/core/jackson-core/2.9.7/jackson-core-2.9.7.jar:"/>
    <property name="sun.cpu.endian" value="little"/>
    <property name="user.home" value="/Users/maccontosh"/>
    <property name="user.language" value="en"/>
    <property name="java.specification.vendor" value="Oracle Corporation"/>
    <property name="java.version.date" value="2018-10-16"/>
    <property name="java.home" value="/Library/Java/JavaVirtualMachines/jdk-11.0.1.jdk/Contents/Home"/>
    <property name="file.separator" value="/"/>
    <property name="basedir" value="/Users/maccontosh/Documents/thesis/development/restapp"/>
    <property name="java.vm.compressedOopsMode" value="Zero based"/>
    <property name="line.separator" value="&#10;"/>
    <property name="java.specification.name" value="Java Platform API Specification"/>
    <property name="java.vm.specification.vendor" value="Oracle Corporation"/>
    <property name="java.awt.graphicsenv" value="sun.awt.CGraphicsEnvironment"/>
    <property name="surefire.real.class.path" value="/Users/maccontosh/Documents/thesis/development/restapp/target/surefire/surefirebooter13785582402180854821.jar"/>
    <property name="sun.management.compiler" value="HotSpot 64-Bit Tiered Compilers"/>
    <property name="ftp.nonProxyHosts" value="local|*.local|169.254/16|*.169.254/16"/>
    <property name="java.runtime.version" value="11.0.1+13-LTS"/>
    <property name="user.name" value="maccontosh"/>
    <property name="path.separator" value=":"/>
    <property name="os.version" value="10.14.1"/>
    <property name="java.runtime.name" value="Java(TM) SE Runtime Environment"/>
    <property name="file.encoding" value="UTF-8"/>
    <property name="java.vm.name" value="Java HotSpot(TM) 64-Bit Server VM"/>
    <property name="java.vendor.version" value="18.9"/>
    <property name="localRepository" value="/Users/maccontosh/.m2/repository"/>
    <property name="java.vendor.url.bug" value="http://bugreport.java.com/bugreport/"/>
    <property name="java.io.tmpdir" value="/var/folders/3m/14v5p2kj6pd8lzdhbm6hyhr80000gn/T/"/>
    <property name="java.version" value="11.0.1"/>
    <property name="user.dir" value="/Users/maccontosh/Documents/thesis/development/restapp"/>
    <property name="os.arch" value="x86_64"/>
    <property name="java.vm.specification.name" value="Java Virtual Machine Specification"/>
    <property name="java.awt.printerjob" value="sun.lwawt.macosx.CPrinterJob"/>
    <property name="sun.os.patch.level" value="unknown"/>
    <property name="java.library.path" value="/Users/maccontosh/Library/Java/Extensions:/Library/Java/Extensions:/Network/Library/Java/Extensions:/System/Library/Java/Extensions:/usr/lib/java:."/>
    <property name="java.vendor" value="Oracle Corporation"/>
    <property name="java.vm.info" value="mixed mode"/>
    <property name="java.vm.version" value="11.0.1+13-LTS"/>
    <property name="sun.io.unicode.encoding" value="UnicodeBig"/>
    <property name="java.class.version" value="55.0"/>
    <property name="socksNonProxyHosts" value="local|*.local|169.254/16|*.169.254/16"/>
  </properties>
  <testcase name="contextLoads" classname="com.thesis.dhoppealvarez.restapp.RestappApplicationTests" time="0.445"/>
</testsuite>